2025-04-18 23:46:35,632 INFO Scanning folder: H:/yangame/방주
2025-04-18 23:46:35,637 DEBUG Clean RJ code: 142 [雨宿り蛙] NTR 모험가 리네&엘자 2차수정 RJ372618.7z -> 142 [雨宿り蛙] NTR 모험가 리네&엘자 2차수정 .7z
2025-04-18 23:46:35,637 DEBUG File: 142 [雨宿り蛙] NTR 모험가 리네&엘자 2차수정 RJ372618.7z, Extracted rj_code: 'RJ372618', Original title: '142 [雨宿り蛙] NTR 모험가 리네&엘자 2차수정 .7z'
2025-04-18 23:46:35,637 DEBUG File: Aurelia v1.00.0.zip, Extracted rj_code: '', Original title: 'Aurelia v1.00.0'
2025-04-18 23:46:35,638 DEBUG File: Dead-End City Blues OD Edition v1.2.1.7z, Extracted rj_code: '', Original title: 'Dead-End City Blues OD Edition v1.2.1'
2025-04-18 23:46:35,639 DEBUG File: False Convict`s 製品版.zip, Extracted rj_code: '', Original title: 'False Convict`s 製品版'
2025-04-18 23:46:35,639 DEBUG File: Grimhelm Collection.7z, Extracted rj_code: '', Original title: 'Grimhelm Collection'
2025-04-18 23:46:35,640 DEBUG File: Koooon Soft Collections.7z, Extracted rj_code: '', Original title: 'Koooon Soft Collections'
2025-04-18 23:46:35,640 DEBUG File: NTR 모험가 리네&엘자.zip, Extracted rj_code: '', Original title: 'NTR 모험가 리네&엘자'
2025-04-18 23:46:35,641 DEBUG Clean RJ code: RJ01173055 Minamisan v1.05 SEdition.zip -> Minamisan v1.05 SEdition.zip
2025-04-18 23:46:35,641 DEBUG File: RJ01173055 Minamisan v1.05 SEdition.zip, Extracted rj_code: 'RJ01173055', Original title: 'Minamisan v1.05 SEdition.zip'
2025-04-18 23:46:35,644 DEBUG Clean RJ code: RJ01217516 HaitokunoShoudou_ver1.10.zip -> HaitokunoShoudou_ver1.10.zip
2025-04-18 23:46:35,644 DEBUG File: RJ01217516 HaitokunoShoudou_ver1.10.zip, Extracted rj_code: 'RJ01217516', Original title: 'HaitokunoShoudou_ver1.10.zip'
2025-04-18 23:46:35,645 DEBUG Clean RJ code: RJ01228927 수정2.zip -> 수정2.zip
2025-04-18 23:46:35,645 DEBUG File: RJ01228927 수정2.zip, Extracted rj_code: 'RJ01228927', Original title: '수정2.zip'
2025-04-18 23:46:35,646 DEBUG Clean RJ code: RJ01288065_sleepingMidori.zip -> RJ01288065_sleepingMidori.zip
2025-04-18 23:46:35,646 DEBUG File: RJ01288065_sleepingMidori.zip, Extracted rj_code: 'RJ01288065', Original title: 'RJ01288065_sleepingMidori.zip'
2025-04-18 23:46:35,647 DEBUG Clean RJ code: RJ01311216 이 아가씨, 너무 무지해 v1.2.2.zip -> 이 아가씨, 너무 무지해 v1.2.2.zip
2025-04-18 23:46:35,647 DEBUG File: RJ01311216 이 아가씨, 너무 무지해 v1.2.2.zip, Extracted rj_code: 'RJ01311216', Original title: '이 아가씨, 너무 무지해 v1.2.2.zip'
2025-04-18 23:46:35,648 DEBUG Clean RJ code: RJ181353 감상형) 암캐 임신 모녀덮밥 Mesuinu Haramase Oyakodon.zip -> 감상형) 암캐 임신 모녀덮밥 Mesuinu Haramase Oyakodon.zip
2025-04-18 23:46:35,648 DEBUG File: RJ181353 감상형) 암캐 임신 모녀덮밥 Mesuinu Haramase Oyakodon.zip, Extracted rj_code: 'RJ181353', Original title: '감상형) 암캐 임신 모녀덮밥 Mesuinu Haramase Oyakodon.zip'
2025-04-18 23:46:35,649 DEBUG Clean RJ code: RJ374754 비술 상전 인법 승부 - 김머시기dlc 1.1.zip -> 비술 상전 인법 승부 - 김머시기dlc 1.1.zip
2025-04-18 23:46:35,650 DEBUG File: RJ374754 비술 상전 인법 승부 - 김머시기dlc 1.1.zip, Extracted rj_code: 'RJ374754', Original title: '비술 상전 인법 승부 - 김머시기dlc 1.1.zip'
2025-04-18 23:46:35,651 DEBUG File: RPGVXAce_RTP.zip, Extracted rj_code: '', Original title: 'RPGVXAce_RTP'
2025-04-18 23:46:35,652 DEBUG File: SiNiSistar (win).zip, Extracted rj_code: '', Original title: 'SiNiSistar (win)'
2025-04-18 23:46:35,652 DEBUG File: WE ARE BANDIT v1.14 KR.7z, Extracted rj_code: '', Original title: 'WE ARE BANDIT v1.14 KR'
2025-04-18 23:46:35,653 DEBUG File: [Anim] Aisai x Koukan Ninkatsu Swapping.zip, Extracted rj_code: '', Original title: '[Anim] Aisai x Koukan Ninkatsu Swapping'
2025-04-18 23:46:35,654 DEBUG Clean RJ code: [RJ01111140][CherisSoft] 쿠노이치 카린 v1.2.zip -> [CherisSoft] 쿠노이치 카린 v1.2.zip
2025-04-18 23:46:35,654 DEBUG File: [RJ01111140][CherisSoft] 쿠노이치 카린 v1.2.zip, Extracted rj_code: 'RJ01111140', Original title: '[CherisSoft] 쿠노이치 카린 v1.2.zip'
2025-04-18 23:46:35,655 DEBUG File: 네토라레지스탕스 KR.7z, Extracted rj_code: '', Original title: '네토라레지스탕스 KR'
2025-04-18 23:46:35,656 DEBUG File: 니트로닐 손번역(1).zip, Extracted rj_code: '', Original title: '니트로닐 손번역(1)'
2025-04-18 23:46:35,656 DEBUG File: 니트로닐 손번역(2).zip, Extracted rj_code: '', Original title: '니트로닐 손번역(2)'
2025-04-18 23:46:35,658 DEBUG File: 니트로닐 손번역.zip, Extracted rj_code: '', Original title: '니트로닐 손번역'
2025-04-18 23:46:35,659 DEBUG File: 던전타운 EX v2.2.0.0 KR.7z, Extracted rj_code: '', Original title: '던전타운 EX v2.2.0.0 KR'
2025-04-18 23:46:35,660 DEBUG File: 몬무스 퀘스트 ver3.05 한국어.zip, Extracted rj_code: '', Original title: '몬무스 퀘스트 ver3.05 한국어'
2025-04-18 23:46:35,661 DEBUG File: 부계에 잠든 왕녀의 아바돈 1.30.7z, Extracted rj_code: '', Original title: '부계에 잠든 왕녀의 아바돈 1.30'
2025-04-18 23:46:35,662 DEBUG File: 부서지는 여름색+after합본.zip, Extracted rj_code: '', Original title: '부서지는 여름색+after합본'
2025-04-18 23:46:35,663 DEBUG File: 사쿠라 고젠 v100.zip, Extracted rj_code: '', Original title: '사쿠라 고젠 v100'
2025-04-18 23:46:35,664 DEBUG File: 아가씨최면.7z, Extracted rj_code: '', Original title: '아가씨최면'
2025-04-18 23:46:35,665 DEBUG File: 아저씨 용사 RPG.7z, Extracted rj_code: '', Original title: '아저씨 용사 RPG'
2025-04-18 23:46:35,666 DEBUG Clean RJ code: 아줌마 전기 [RJ291293].7z -> 아줌마 전기 .7z
2025-04-18 23:46:35,666 DEBUG File: 아줌마 전기 [RJ291293].7z, Extracted rj_code: 'RJ291293', Original title: '아줌마 전기 .7z'
2025-04-18 23:46:35,667 DEBUG File: 약속과 계약의 생츄어리.zip, Extracted rj_code: '', Original title: '약속과 계약의 생츄어리'
2025-04-18 23:46:35,667 DEBUG File: 음계 인주 아라카 ver 1.31.zip, Extracted rj_code: '', Original title: '음계 인주 아라카 ver 1.31'
2025-04-18 23:46:35,668 DEBUG File: 이웃에게 계속 범해져 탐욕스런 여자가 된 나의 아내.zip, Extracted rj_code: '', Original title: '이웃에게 계속 범해져 탐욕스런 여자가 된 나의 아내'
2025-04-18 23:46:35,669 DEBUG File: 절대복종위기.zip, Extracted rj_code: '', Original title: '절대복종위기'
2025-04-18 23:46:35,670 DEBUG File: 젖소이야기.zip, Extracted rj_code: '', Original title: '젖소이야기'
2025-04-18 23:46:35,671 DEBUG File: 프린세스콜로세움ver1.00(구매보급_키락).7z, Extracted rj_code: '', Original title: '프린세스콜로세움ver1.00(구매보급_키락)'
2025-04-18 23:46:35,672 DEBUG File: 하키카.zip, Extracted rj_code: '', Original title: '하키카'
2025-04-18 23:46:35,673 DEBUG File: 한글 쯔꾸르 젊은 아내와 비보의 모험~ 빚을 갚고 남편을 되찾아라.zip, Extracted rj_code: '', Original title: '한글 쯔꾸르 젊은 아내와 비보의 모험~ 빚을 갚고 남편을 되찾아라'
2025-04-18 23:46:39,129 INFO Starting fetch for 39 items
2025-04-18 23:46:39,129 DEBUG Request item: {'rj_code': 'RJ372618', 'platform': 'rj', 'title': '142 [雨宿り蛙] NTR 모험가 리네&엘자 2차수정 RJ372618.7z'}
2025-04-18 23:46:39,129 DEBUG Request item: {'rj_code': '', 'platform': 'steam', 'title': 'Aurelia v1.00.0.zip'}
2025-04-18 23:46:39,129 DEBUG Request item: {'rj_code': '', 'platform': 'steam', 'title': 'Dead-End City Blues OD Edition v1.2.1.7z'}
2025-04-18 23:46:39,129 DEBUG Request item: {'rj_code': '', 'platform': 'steam', 'title': 'False Convict`s 製品版.zip'}
2025-04-18 23:46:39,129 DEBUG Request item: {'rj_code': '', 'platform': 'steam', 'title': 'Grimhelm Collection.7z'}
2025-04-18 23:46:39,129 DEBUG Request item: {'rj_code': '', 'platform': 'steam', 'title': 'Koooon Soft Collections.7z'}
2025-04-18 23:46:39,129 DEBUG Request item: {'rj_code': '', 'platform': 'steam', 'title': 'NTR 모험가 리네&엘자.zip'}
2025-04-18 23:46:39,129 DEBUG Request item: {'rj_code': 'RJ01173055', 'platform': 'rj', 'title': 'RJ01173055 Minamisan v1.05 SEdition.zip'}
2025-04-18 23:46:39,129 DEBUG Request item: {'rj_code': 'RJ01217516', 'platform': 'rj', 'title': 'RJ01217516 HaitokunoShoudou_ver1.10.zip'}
2025-04-18 23:46:39,129 DEBUG Request item: {'rj_code': 'RJ01228927', 'platform': 'rj', 'title': 'RJ01228927 수정2.zip'}
2025-04-18 23:46:39,129 DEBUG Request item: {'rj_code': 'RJ01288065', 'platform': 'rj', 'title': 'RJ01288065_sleepingMidori.zip'}
2025-04-18 23:46:39,129 DEBUG Request item: {'rj_code': 'RJ01311216', 'platform': 'rj', 'title': 'RJ01311216 이 아가씨, 너무 무지해 v1.2.2.zip'}
2025-04-18 23:46:39,129 DEBUG Request item: {'rj_code': 'RJ181353', 'platform': 'rj', 'title': 'RJ181353 감상형) 암캐 임신 모녀덮밥 Mesuinu Haramase Oyakodon.zip'}
2025-04-18 23:46:39,129 DEBUG Request item: {'rj_code': 'RJ374754', 'platform': 'rj', 'title': 'RJ374754 비술 상전 인법 승부 - 김머시기dlc 1.1.zip'}
2025-04-18 23:46:39,129 DEBUG Request item: {'rj_code': '', 'platform': 'steam', 'title': 'RPGVXAce_RTP.zip'}
2025-04-18 23:46:39,130 DEBUG Request item: {'rj_code': '', 'platform': 'steam', 'title': 'SiNiSistar (win).zip'}
2025-04-18 23:46:39,130 DEBUG Request item: {'rj_code': '', 'platform': 'steam', 'title': 'WE ARE BANDIT v1.14 KR.7z'}
2025-04-18 23:46:39,130 DEBUG Request item: {'rj_code': '', 'platform': 'steam', 'title': '[Anim] Aisai x Koukan Ninkatsu Swapping.zip'}
2025-04-18 23:46:39,130 DEBUG Request item: {'rj_code': 'RJ01111140', 'platform': 'rj', 'title': '[RJ01111140][CherisSoft] 쿠노이치 카린 v1.2.zip'}
2025-04-18 23:46:39,130 DEBUG Request item: {'rj_code': '', 'platform': 'steam', 'title': '네토라레지스탕스 KR.7z'}
2025-04-18 23:46:39,130 DEBUG Request item: {'rj_code': '', 'platform': 'steam', 'title': '니트로닐 손번역(1).zip'}
2025-04-18 23:46:39,130 DEBUG Request item: {'rj_code': '', 'platform': 'steam', 'title': '니트로닐 손번역(2).zip'}
2025-04-18 23:46:39,130 DEBUG Request item: {'rj_code': '', 'platform': 'steam', 'title': '니트로닐 손번역.zip'}
2025-04-18 23:46:39,130 DEBUG Request item: {'rj_code': '', 'platform': 'steam', 'title': '던전타운 EX v2.2.0.0 KR.7z'}
2025-04-18 23:46:39,130 DEBUG Request item: {'rj_code': '', 'platform': 'steam', 'title': '몬무스 퀘스트 ver3.05 한국어.zip'}
2025-04-18 23:46:39,130 DEBUG Request item: {'rj_code': '', 'platform': 'steam', 'title': '부계에 잠든 왕녀의 아바돈 1.30.7z'}
2025-04-18 23:46:39,130 DEBUG Request item: {'rj_code': '', 'platform': 'steam', 'title': '부서지는 여름색+after합본.zip'}
2025-04-18 23:46:39,130 DEBUG Request item: {'rj_code': '', 'platform': 'steam', 'title': '사쿠라 고젠 v100.zip'}
2025-04-18 23:46:39,130 DEBUG Request item: {'rj_code': '', 'platform': 'steam', 'title': '아가씨최면.7z'}
2025-04-18 23:46:39,130 DEBUG Request item: {'rj_code': '', 'platform': 'steam', 'title': '아저씨 용사 RPG.7z'}
2025-04-18 23:46:39,130 DEBUG Request item: {'rj_code': 'RJ291293', 'platform': 'rj', 'title': '아줌마 전기 [RJ291293].7z'}
2025-04-18 23:46:39,130 DEBUG Request item: {'rj_code': '', 'platform': 'steam', 'title': '약속과 계약의 생츄어리.zip'}
2025-04-18 23:46:39,130 DEBUG Request item: {'rj_code': '', 'platform': 'steam', 'title': '음계 인주 아라카 ver 1.31.zip'}
2025-04-18 23:46:39,130 DEBUG Request item: {'rj_code': '', 'platform': 'steam', 'title': '이웃에게 계속 범해져 탐욕스런 여자가 된 나의 아내.zip'}
2025-04-18 23:46:39,130 DEBUG Request item: {'rj_code': '', 'platform': 'steam', 'title': '절대복종위기.zip'}
2025-04-18 23:46:39,130 DEBUG Request item: {'rj_code': '', 'platform': 'steam', 'title': '젖소이야기.zip'}
2025-04-18 23:46:39,130 DEBUG Request item: {'rj_code': '', 'platform': 'steam', 'title': '프린세스콜로세움ver1.00(구매보급_키락).7z'}
2025-04-18 23:46:39,130 DEBUG Request item: {'rj_code': '', 'platform': 'steam', 'title': '하키카.zip'}
2025-04-18 23:46:39,130 DEBUG Request item: {'rj_code': '', 'platform': 'steam', 'title': '한글 쯔꾸르 젊은 아내와 비보의 모험~ 빚을 갚고 남편을 되찾아라.zip'}
2025-04-18 23:46:39,131 DEBUG Sending POST request to https://gamesorter-28083845590.us-central1.run.app/games
2025-04-18 23:46:39,134 DEBUG Starting new HTTPS connection (1): gamesorter-28083845590.us-central1.run.app:443
2025-04-18 23:46:43,506 DEBUG https://gamesorter-28083845590.us-central1.run.app:443 "POST /games HTTP/1.1" 200 7489
2025-04-18 23:46:43,515 INFO Initial server response: 29 items
2025-04-18 23:46:43,515 WARNING [core] 서버 응답 missing 개수: 10
2025-04-18 23:46:43,515 INFO Fetching DLsite data for RJ372618
2025-04-18 23:46:43,516 DEBUG Starting new HTTPS connection (1): www.dlsite.com:443
2025-04-18 23:46:44,147 DEBUG https://www.dlsite.com:443 "GET /maniax/work/=/product_id/RJ372618.html HTTP/1.1" 200 None
2025-04-18 23:46:44,310 DEBUG Clean RJ code: NTR冒険者 リーネ&エルザ -> NTR冒険者 リーネ&エルザ
2025-04-18 23:46:44,310 INFO Fetched DLsite data for RJ372618, title_jp=NTR冒険者 リーネ&エルザ, tags_jp=['R18', 'ロールプレイング', '音楽あり', 'アプリケーション', '男主人公', 'ツクール', '寝取られ', 'アヘ顔', '妊娠/孕ませ', '巨乳/爆乳', 'ぼて腹/妊婦']
2025-04-18 23:46:44,312 DEBUG Sending POST request to https://gamesorter-28083845590.us-central1.run.app/games
2025-04-18 23:46:44,313 DEBUG Starting new HTTPS connection (1): gamesorter-28083845590.us-central1.run.app:443
2025-04-18 23:46:44,988 DEBUG https://gamesorter-28083845590.us-central1.run.app:443 "POST /games HTTP/1.1" 500 52
2025-04-18 23:46:44,988 ERROR Request failed: 500 Server Error: Internal Server Error for url: https://gamesorter-28083845590.us-central1.run.app/games
2025-04-18 23:46:44,988 WARNING Retrying server request (attempt 1/5) after 2.0 seconds
2025-04-18 23:46:46,990 DEBUG Sending POST request to https://gamesorter-28083845590.us-central1.run.app/games
2025-04-18 23:46:46,991 DEBUG Starting new HTTPS connection (1): gamesorter-28083845590.us-central1.run.app:443
2025-04-18 23:46:47,697 DEBUG https://gamesorter-28083845590.us-central1.run.app:443 "POST /games HTTP/1.1" 500 52
2025-04-18 23:46:47,697 ERROR Request failed: 500 Server Error: Internal Server Error for url: https://gamesorter-28083845590.us-central1.run.app/games
2025-04-18 23:46:47,697 WARNING Retrying server request (attempt 2/5) after 2.0 seconds
2025-04-18 23:46:49,699 DEBUG Sending POST request to https://gamesorter-28083845590.us-central1.run.app/games
2025-04-18 23:46:49,700 DEBUG Starting new HTTPS connection (1): gamesorter-28083845590.us-central1.run.app:443
2025-04-18 23:46:50,387 DEBUG https://gamesorter-28083845590.us-central1.run.app:443 "POST /games HTTP/1.1" 500 52
2025-04-18 23:46:50,387 ERROR Request failed: 500 Server Error: Internal Server Error for url: https://gamesorter-28083845590.us-central1.run.app/games
2025-04-18 23:46:50,387 WARNING Retrying server request (attempt 3/5) after 4.0 seconds
2025-04-18 23:46:54,390 DEBUG Sending POST request to https://gamesorter-28083845590.us-central1.run.app/games
2025-04-18 23:46:54,391 DEBUG Starting new HTTPS connection (1): gamesorter-28083845590.us-central1.run.app:443
2025-04-18 23:46:55,110 DEBUG https://gamesorter-28083845590.us-central1.run.app:443 "POST /games HTTP/1.1" 500 52
2025-04-18 23:46:55,110 ERROR Request failed: 500 Server Error: Internal Server Error for url: https://gamesorter-28083845590.us-central1.run.app/games
2025-04-18 23:46:55,110 WARNING Retrying server request (attempt 4/5) after 8.0 seconds
2025-04-18 23:47:03,113 DEBUG Sending POST request to https://gamesorter-28083845590.us-central1.run.app/games
2025-04-18 23:47:03,114 DEBUG Starting new HTTPS connection (1): gamesorter-28083845590.us-central1.run.app:443
2025-04-18 23:47:03,790 DEBUG https://gamesorter-28083845590.us-central1.run.app:443 "POST /games HTTP/1.1" 500 52
2025-04-18 23:47:03,790 ERROR Request failed: 500 Server Error: Internal Server Error for url: https://gamesorter-28083845590.us-central1.run.app/games
2025-04-18 23:47:03,790 ERROR [core] 크롤링 실패: RJ372618 → RetryError[<Future at 0x1fbac21a050 state=finished raised HTTPError>]
2025-04-18 23:47:03,790 INFO Fetching DLsite data for RJ01173055
2025-04-18 23:47:03,792 DEBUG Starting new HTTPS connection (1): www.dlsite.com:443
2025-04-18 23:47:04,457 DEBUG https://www.dlsite.com:443 "GET /maniax/work/=/product_id/RJ01173055.html HTTP/1.1" 200 None
2025-04-18 23:47:04,544 DEBUG Clean RJ code: ミナミさんホテルにいこう -> ミナミさんホテルにいこう
2025-04-18 23:47:04,544 INFO Fetched DLsite data for RJ01173055, title_jp=ミナミさんホテルにいこう, tags_jp=['R18', 'シミュレーション', 'アプリケーション', 'おさわり', 'きせかえ', '学生', '日常/生活', '中出し', '妊娠/孕ませ', 'ノーマルプレイ', '和姦']
2025-04-18 23:47:04,546 DEBUG Sending POST request to https://gamesorter-28083845590.us-central1.run.app/games
2025-04-18 23:47:04,547 DEBUG Starting new HTTPS connection (1): gamesorter-28083845590.us-central1.run.app:443
2025-04-18 23:47:05,248 DEBUG https://gamesorter-28083845590.us-central1.run.app:443 "POST /games HTTP/1.1" 500 52
2025-04-18 23:47:05,248 ERROR Request failed: 500 Server Error: Internal Server Error for url: https://gamesorter-28083845590.us-central1.run.app/games
2025-04-18 23:47:05,248 WARNING Retrying server request (attempt 1/5) after 2.0 seconds
2025-04-18 23:47:07,251 DEBUG Sending POST request to https://gamesorter-28083845590.us-central1.run.app/games
2025-04-18 23:47:07,252 DEBUG Starting new HTTPS connection (1): gamesorter-28083845590.us-central1.run.app:443
2025-04-18 23:47:07,972 DEBUG https://gamesorter-28083845590.us-central1.run.app:443 "POST /games HTTP/1.1" 500 52
2025-04-18 23:47:07,972 ERROR Request failed: 500 Server Error: Internal Server Error for url: https://gamesorter-28083845590.us-central1.run.app/games
2025-04-18 23:47:07,973 WARNING Retrying server request (attempt 2/5) after 2.0 seconds
2025-04-18 23:47:09,975 DEBUG Sending POST request to https://gamesorter-28083845590.us-central1.run.app/games
2025-04-18 23:47:09,976 DEBUG Starting new HTTPS connection (1): gamesorter-28083845590.us-central1.run.app:443
2025-04-18 23:47:10,638 DEBUG https://gamesorter-28083845590.us-central1.run.app:443 "POST /games HTTP/1.1" 500 52
2025-04-18 23:47:10,638 ERROR Request failed: 500 Server Error: Internal Server Error for url: https://gamesorter-28083845590.us-central1.run.app/games
2025-04-18 23:47:10,638 WARNING Retrying server request (attempt 3/5) after 4.0 seconds
2025-04-18 23:47:14,640 DEBUG Sending POST request to https://gamesorter-28083845590.us-central1.run.app/games
2025-04-18 23:47:14,641 DEBUG Starting new HTTPS connection (1): gamesorter-28083845590.us-central1.run.app:443
2025-04-18 23:47:15,334 DEBUG https://gamesorter-28083845590.us-central1.run.app:443 "POST /games HTTP/1.1" 500 52
2025-04-18 23:47:15,334 ERROR Request failed: 500 Server Error: Internal Server Error for url: https://gamesorter-28083845590.us-central1.run.app/games
2025-04-18 23:47:15,334 WARNING Retrying server request (attempt 4/5) after 8.0 seconds
2025-04-18 23:47:23,336 DEBUG Sending POST request to https://gamesorter-28083845590.us-central1.run.app/games
2025-04-18 23:47:23,337 DEBUG Starting new HTTPS connection (1): gamesorter-28083845590.us-central1.run.app:443
2025-04-18 23:47:24,052 DEBUG https://gamesorter-28083845590.us-central1.run.app:443 "POST /games HTTP/1.1" 500 52
2025-04-18 23:47:24,052 ERROR Request failed: 500 Server Error: Internal Server Error for url: https://gamesorter-28083845590.us-central1.run.app/games
2025-04-18 23:47:24,053 ERROR [core] 크롤링 실패: RJ01173055 → RetryError[<Future at 0x1fb9f42e310 state=finished raised HTTPError>]
2025-04-18 23:47:24,053 INFO Fetching DLsite data for RJ01217516
2025-04-18 23:47:24,054 DEBUG Starting new HTTPS connection (1): www.dlsite.com:443
2025-04-18 23:47:24,763 DEBUG https://www.dlsite.com:443 "GET /maniax/work/=/product_id/RJ01217516.html HTTP/1.1" 200 None
2025-04-18 23:47:24,845 DEBUG Clean RJ code: 背徳の衝動 -> 背徳の衝動
2025-04-18 23:47:24,845 INFO Fetched DLsite data for RJ01217516, title_jp=背徳の衝動, tags_jp=['R18', 'シミュレーション', '音声あり', 'アプリケーション', '学生', 'セーラー服', '快楽堕ち', '妊娠/孕ませ', '秘密さわさわ', '合意なし', '黒髪', '巨乳/爆乳']
2025-04-18 23:47:24,846 DEBUG Sending POST request to https://gamesorter-28083845590.us-central1.run.app/games
2025-04-18 23:47:24,848 DEBUG Starting new HTTPS connection (1): gamesorter-28083845590.us-central1.run.app:443
2025-04-18 23:47:25,535 DEBUG https://gamesorter-28083845590.us-central1.run.app:443 "POST /games HTTP/1.1" 500 52
2025-04-18 23:47:25,536 ERROR Request failed: 500 Server Error: Internal Server Error for url: https://gamesorter-28083845590.us-central1.run.app/games
2025-04-18 23:47:25,536 WARNING Retrying server request (attempt 1/5) after 2.0 seconds
2025-04-18 23:47:27,538 DEBUG Sending POST request to https://gamesorter-28083845590.us-central1.run.app/games
2025-04-18 23:47:27,539 DEBUG Starting new HTTPS connection (1): gamesorter-28083845590.us-central1.run.app:443
2025-04-18 23:47:28,262 DEBUG https://gamesorter-28083845590.us-central1.run.app:443 "POST /games HTTP/1.1" 500 52
2025-04-18 23:47:28,262 ERROR Request failed: 500 Server Error: Internal Server Error for url: https://gamesorter-28083845590.us-central1.run.app/games
2025-04-18 23:47:28,262 WARNING Retrying server request (attempt 2/5) after 2.0 seconds
2025-04-18 23:47:30,264 DEBUG Sending POST request to https://gamesorter-28083845590.us-central1.run.app/games
2025-04-18 23:47:30,265 DEBUG Starting new HTTPS connection (1): gamesorter-28083845590.us-central1.run.app:443
2025-04-18 23:47:30,974 DEBUG https://gamesorter-28083845590.us-central1.run.app:443 "POST /games HTTP/1.1" 500 52
2025-04-18 23:47:30,975 ERROR Request failed: 500 Server Error: Internal Server Error for url: https://gamesorter-28083845590.us-central1.run.app/games
2025-04-18 23:47:30,975 WARNING Retrying server request (attempt 3/5) after 4.0 seconds
2025-04-18 23:47:34,977 DEBUG Sending POST request to https://gamesorter-28083845590.us-central1.run.app/games
2025-04-18 23:47:34,978 DEBUG Starting new HTTPS connection (1): gamesorter-28083845590.us-central1.run.app:443
2025-04-18 23:47:35,699 DEBUG https://gamesorter-28083845590.us-central1.run.app:443 "POST /games HTTP/1.1" 500 52
2025-04-18 23:47:35,699 ERROR Request failed: 500 Server Error: Internal Server Error for url: https://gamesorter-28083845590.us-central1.run.app/games
2025-04-18 23:47:35,699 WARNING Retrying server request (attempt 4/5) after 8.0 seconds
2025-04-18 23:47:43,702 DEBUG Sending POST request to https://gamesorter-28083845590.us-central1.run.app/games
2025-04-18 23:47:43,703 DEBUG Starting new HTTPS connection (1): gamesorter-28083845590.us-central1.run.app:443
2025-04-18 23:47:44,398 DEBUG https://gamesorter-28083845590.us-central1.run.app:443 "POST /games HTTP/1.1" 500 52
2025-04-18 23:47:44,398 ERROR Request failed: 500 Server Error: Internal Server Error for url: https://gamesorter-28083845590.us-central1.run.app/games
2025-04-18 23:47:44,398 ERROR [core] 크롤링 실패: RJ01217516 → RetryError[<Future at 0x1fb9ef45150 state=finished raised HTTPError>]
2025-04-18 23:47:44,398 INFO Fetching DLsite data for RJ01228927
2025-04-18 23:47:44,400 DEBUG Starting new HTTPS connection (1): www.dlsite.com:443
2025-04-18 23:47:45,060 DEBUG https://www.dlsite.com:443 "GET /maniax/work/=/product_id/RJ01228927.html HTTP/1.1" 200 None
2025-04-18 23:47:45,155 DEBUG Clean RJ code: 魔女の護送人 -> 魔女の護送人
2025-04-18 23:47:45,155 INFO Fetched DLsite data for RJ01228927, title_jp=魔女の護送人, tags_jp=['R18', 'ロールプレイング', '音楽あり', 'アプリケーション', 'つるぺた', '退廃/背徳/インモラル', 'シリアス', '純愛', 'ツンデレ', '中出し', '命令/無理矢理', '処女']
2025-04-18 23:47:45,157 DEBUG Sending POST request to https://gamesorter-28083845590.us-central1.run.app/games
2025-04-18 23:47:45,159 DEBUG Starting new HTTPS connection (1): gamesorter-28083845590.us-central1.run.app:443
2025-04-18 23:47:45,860 DEBUG https://gamesorter-28083845590.us-central1.run.app:443 "POST /games HTTP/1.1" 500 52
2025-04-18 23:47:45,861 ERROR Request failed: 500 Server Error: Internal Server Error for url: https://gamesorter-28083845590.us-central1.run.app/games
2025-04-18 23:47:45,861 WARNING Retrying server request (attempt 1/5) after 2.0 seconds
2025-04-18 23:47:47,863 DEBUG Sending POST request to https://gamesorter-28083845590.us-central1.run.app/games
2025-04-18 23:47:47,864 DEBUG Starting new HTTPS connection (1): gamesorter-28083845590.us-central1.run.app:443
2025-04-18 23:47:48,589 DEBUG https://gamesorter-28083845590.us-central1.run.app:443 "POST /games HTTP/1.1" 500 52
2025-04-18 23:47:48,589 ERROR Request failed: 500 Server Error: Internal Server Error for url: https://gamesorter-28083845590.us-central1.run.app/games
2025-04-18 23:47:48,589 WARNING Retrying server request (attempt 2/5) after 2.0 seconds
2025-04-18 23:47:50,591 DEBUG Sending POST request to https://gamesorter-28083845590.us-central1.run.app/games
2025-04-18 23:47:50,592 DEBUG Starting new HTTPS connection (1): gamesorter-28083845590.us-central1.run.app:443
2025-04-18 23:47:51,301 DEBUG https://gamesorter-28083845590.us-central1.run.app:443 "POST /games HTTP/1.1" 500 52
2025-04-18 23:47:51,302 ERROR Request failed: 500 Server Error: Internal Server Error for url: https://gamesorter-28083845590.us-central1.run.app/games
2025-04-18 23:47:51,302 WARNING Retrying server request (attempt 3/5) after 4.0 seconds
2025-04-18 23:47:55,304 DEBUG Sending POST request to https://gamesorter-28083845590.us-central1.run.app/games
2025-04-18 23:47:55,305 DEBUG Starting new HTTPS connection (1): gamesorter-28083845590.us-central1.run.app:443
2025-04-18 23:47:56,034 DEBUG https://gamesorter-28083845590.us-central1.run.app:443 "POST /games HTTP/1.1" 500 52
2025-04-18 23:47:56,034 ERROR Request failed: 500 Server Error: Internal Server Error for url: https://gamesorter-28083845590.us-central1.run.app/games
2025-04-18 23:47:56,034 WARNING Retrying server request (attempt 4/5) after 8.0 seconds
2025-04-18 23:48:04,036 DEBUG Sending POST request to https://gamesorter-28083845590.us-central1.run.app/games
2025-04-18 23:48:04,037 DEBUG Starting new HTTPS connection (1): gamesorter-28083845590.us-central1.run.app:443
2025-04-18 23:48:04,721 DEBUG https://gamesorter-28083845590.us-central1.run.app:443 "POST /games HTTP/1.1" 500 52
2025-04-18 23:48:04,722 ERROR Request failed: 500 Server Error: Internal Server Error for url: https://gamesorter-28083845590.us-central1.run.app/games
2025-04-18 23:48:04,722 ERROR [core] 크롤링 실패: RJ01228927 → RetryError[<Future at 0x1fb9ab8f850 state=finished raised HTTPError>]
2025-04-18 23:48:04,722 INFO Fetching DLsite data for RJ01288065
2025-04-18 23:48:04,723 DEBUG Starting new HTTPS connection (1): www.dlsite.com:443
2025-04-18 23:48:05,397 DEBUG https://www.dlsite.com:443 "GET /maniax/work/=/product_id/RJ01288065.html HTTP/1.1" 200 None
2025-04-18 23:48:05,473 DEBUG Clean RJ code: 眠っている少女 -> 眠っている少女
2025-04-18 23:48:05,473 INFO Fetched DLsite data for RJ01288065, title_jp=眠っている少女, tags_jp=['R18', 'シミュレーション', 'アプリケーション', '少女', 'つるぺた', '学生', 'すやすやえっち', 'パイズリ', '金髪', '貧乳/微乳', 'ツルペタ']
2025-04-18 23:48:05,474 DEBUG Sending POST request to https://gamesorter-28083845590.us-central1.run.app/games
2025-04-18 23:48:05,475 DEBUG Starting new HTTPS connection (1): gamesorter-28083845590.us-central1.run.app:443
2025-04-18 23:48:06,178 DEBUG https://gamesorter-28083845590.us-central1.run.app:443 "POST /games HTTP/1.1" 500 52
2025-04-18 23:48:06,178 ERROR Request failed: 500 Server Error: Internal Server Error for url: https://gamesorter-28083845590.us-central1.run.app/games
2025-04-18 23:48:06,179 WARNING Retrying server request (attempt 1/5) after 2.0 seconds
2025-04-18 23:48:08,182 DEBUG Sending POST request to https://gamesorter-28083845590.us-central1.run.app/games
2025-04-18 23:48:08,182 DEBUG Starting new HTTPS connection (1): gamesorter-28083845590.us-central1.run.app:443
2025-04-18 23:48:08,865 DEBUG https://gamesorter-28083845590.us-central1.run.app:443 "POST /games HTTP/1.1" 500 52
2025-04-18 23:48:08,865 ERROR Request failed: 500 Server Error: Internal Server Error for url: https://gamesorter-28083845590.us-central1.run.app/games
2025-04-18 23:48:08,866 WARNING Retrying server request (attempt 2/5) after 2.0 seconds
2025-04-18 23:48:10,867 DEBUG Sending POST request to https://gamesorter-28083845590.us-central1.run.app/games
2025-04-18 23:48:10,868 DEBUG Starting new HTTPS connection (1): gamesorter-28083845590.us-central1.run.app:443
2025-04-18 23:48:11,558 DEBUG https://gamesorter-28083845590.us-central1.run.app:443 "POST /games HTTP/1.1" 500 52
2025-04-18 23:48:11,558 ERROR Request failed: 500 Server Error: Internal Server Error for url: https://gamesorter-28083845590.us-central1.run.app/games
2025-04-18 23:48:11,558 WARNING Retrying server request (attempt 3/5) after 4.0 seconds
2025-04-18 23:48:15,561 DEBUG Sending POST request to https://gamesorter-28083845590.us-central1.run.app/games
2025-04-18 23:48:15,562 DEBUG Starting new HTTPS connection (1): gamesorter-28083845590.us-central1.run.app:443
2025-04-18 23:48:16,273 DEBUG https://gamesorter-28083845590.us-central1.run.app:443 "POST /games HTTP/1.1" 500 52
2025-04-18 23:48:16,273 ERROR Request failed: 500 Server Error: Internal Server Error for url: https://gamesorter-28083845590.us-central1.run.app/games
2025-04-18 23:48:16,273 WARNING Retrying server request (attempt 4/5) after 8.0 seconds
2025-04-18 23:48:24,276 DEBUG Sending POST request to https://gamesorter-28083845590.us-central1.run.app/games
2025-04-18 23:48:24,277 DEBUG Starting new HTTPS connection (1): gamesorter-28083845590.us-central1.run.app:443
2025-04-18 23:48:24,953 DEBUG https://gamesorter-28083845590.us-central1.run.app:443 "POST /games HTTP/1.1" 500 52
2025-04-18 23:48:24,953 ERROR Request failed: 500 Server Error: Internal Server Error for url: https://gamesorter-28083845590.us-central1.run.app/games
2025-04-18 23:48:24,953 ERROR [core] 크롤링 실패: RJ01288065 → RetryError[<Future at 0x1fb9b017d10 state=finished raised HTTPError>]
2025-04-18 23:48:24,953 INFO Fetching DLsite data for RJ01311216
2025-04-18 23:48:24,956 DEBUG Starting new HTTPS connection (1): www.dlsite.com:443
2025-04-18 23:48:25,821 DEBUG https://www.dlsite.com:443 "GET /maniax/work/=/product_id/RJ01311216.html HTTP/1.1" 200 None
2025-04-18 23:48:25,901 DEBUG Clean RJ code: このお嬢様、無知につき -> このお嬢様、無知につき
2025-04-18 23:48:25,901 INFO Fetched DLsite data for RJ01311216, title_jp=このお嬢様、無知につき, tags_jp=['R18', 'シミュレーション', '音声あり', 'アプリケーション', 'おさわり', 'つるぺた', '日常/生活', 'すやすやえっち', '中出し', 'オナニー', 'しつけ', '貧乳/微乳']
2025-04-18 23:48:25,902 DEBUG Sending POST request to https://gamesorter-28083845590.us-central1.run.app/games
2025-04-18 23:48:25,903 DEBUG Starting new HTTPS connection (1): gamesorter-28083845590.us-central1.run.app:443
2025-04-18 23:48:26,608 DEBUG https://gamesorter-28083845590.us-central1.run.app:443 "POST /games HTTP/1.1" 500 52
2025-04-18 23:48:26,609 ERROR Request failed: 500 Server Error: Internal Server Error for url: https://gamesorter-28083845590.us-central1.run.app/games
2025-04-18 23:48:26,609 WARNING Retrying server request (attempt 1/5) after 2.0 seconds
2025-04-18 23:48:28,611 DEBUG Sending POST request to https://gamesorter-28083845590.us-central1.run.app/games
2025-04-18 23:48:28,612 DEBUG Starting new HTTPS connection (1): gamesorter-28083845590.us-central1.run.app:443
2025-04-18 23:48:29,327 DEBUG https://gamesorter-28083845590.us-central1.run.app:443 "POST /games HTTP/1.1" 500 52
2025-04-18 23:48:29,327 ERROR Request failed: 500 Server Error: Internal Server Error for url: https://gamesorter-28083845590.us-central1.run.app/games
2025-04-18 23:48:29,327 WARNING Retrying server request (attempt 2/5) after 2.0 seconds
2025-04-18 23:48:31,329 DEBUG Sending POST request to https://gamesorter-28083845590.us-central1.run.app/games
2025-04-18 23:48:31,330 DEBUG Starting new HTTPS connection (1): gamesorter-28083845590.us-central1.run.app:443
2025-04-18 23:48:32,020 DEBUG https://gamesorter-28083845590.us-central1.run.app:443 "POST /games HTTP/1.1" 500 52
2025-04-18 23:48:32,020 ERROR Request failed: 500 Server Error: Internal Server Error for url: https://gamesorter-28083845590.us-central1.run.app/games
2025-04-18 23:48:32,020 WARNING Retrying server request (attempt 3/5) after 4.0 seconds
2025-04-18 23:48:36,023 DEBUG Sending POST request to https://gamesorter-28083845590.us-central1.run.app/games
2025-04-18 23:48:36,024 DEBUG Starting new HTTPS connection (1): gamesorter-28083845590.us-central1.run.app:443
2025-04-18 23:48:36,713 DEBUG https://gamesorter-28083845590.us-central1.run.app:443 "POST /games HTTP/1.1" 500 52
2025-04-18 23:48:36,713 ERROR Request failed: 500 Server Error: Internal Server Error for url: https://gamesorter-28083845590.us-central1.run.app/games
2025-04-18 23:48:36,713 WARNING Retrying server request (attempt 4/5) after 8.0 seconds
2025-04-18 23:48:44,716 DEBUG Sending POST request to https://gamesorter-28083845590.us-central1.run.app/games
2025-04-18 23:48:44,717 DEBUG Starting new HTTPS connection (1): gamesorter-28083845590.us-central1.run.app:443
2025-04-18 23:48:45,402 DEBUG https://gamesorter-28083845590.us-central1.run.app:443 "POST /games HTTP/1.1" 500 52
2025-04-18 23:48:45,402 ERROR Request failed: 500 Server Error: Internal Server Error for url: https://gamesorter-28083845590.us-central1.run.app/games
2025-04-18 23:48:45,403 ERROR [core] 크롤링 실패: RJ01311216 → RetryError[<Future at 0x1fb9adf8090 state=finished raised HTTPError>]
2025-04-18 23:48:45,403 INFO Fetching DLsite data for RJ181353
2025-04-18 23:48:45,404 DEBUG Starting new HTTPS connection (1): www.dlsite.com:443
2025-04-18 23:48:45,845 DEBUG https://www.dlsite.com:443 "GET /maniax/work/=/product_id/RJ181353.html HTTP/1.1" 200 None
2025-04-18 23:48:45,923 DEBUG Clean RJ code: 牝犬孕ませ母娘丼～叔母と従姉妹をアヘらせメロメロなヤリまくりペット飼育♪～ -> 牝犬孕ませ母娘丼～叔母と従姉妹をアヘらせメロメロなヤリまくりペット飼育♪～
2025-04-18 23:48:45,923 INFO Fetched DLsite data for RJ181353, title_jp=牝犬孕ませ母娘丼～叔母と従姉妹をアヘらせメロメロなヤリまくりペット飼育♪～, tags_jp=['R18', 'アドベンチャー', '音声あり', '音楽あり', 'アプリケーション', '少女', '人妻', '妊娠/孕ませ', 'しつけ', '羞恥/恥辱', '巨乳/爆乳']
2025-04-18 23:48:45,925 DEBUG Sending POST request to https://gamesorter-28083845590.us-central1.run.app/games
2025-04-18 23:48:45,926 DEBUG Starting new HTTPS connection (1): gamesorter-28083845590.us-central1.run.app:443
2025-04-18 23:48:46,620 DEBUG https://gamesorter-28083845590.us-central1.run.app:443 "POST /games HTTP/1.1" 500 52
2025-04-18 23:48:46,621 ERROR Request failed: 500 Server Error: Internal Server Error for url: https://gamesorter-28083845590.us-central1.run.app/games
2025-04-18 23:48:46,621 WARNING Retrying server request (attempt 1/5) after 2.0 seconds
2025-04-18 23:48:48,622 DEBUG Sending POST request to https://gamesorter-28083845590.us-central1.run.app/games
2025-04-18 23:48:48,623 DEBUG Starting new HTTPS connection (1): gamesorter-28083845590.us-central1.run.app:443
2025-04-18 23:48:49,303 DEBUG https://gamesorter-28083845590.us-central1.run.app:443 "POST /games HTTP/1.1" 500 52
2025-04-18 23:48:49,303 ERROR Request failed: 500 Server Error: Internal Server Error for url: https://gamesorter-28083845590.us-central1.run.app/games
2025-04-18 23:48:49,303 WARNING Retrying server request (attempt 2/5) after 2.0 seconds
2025-04-18 23:48:51,305 DEBUG Sending POST request to https://gamesorter-28083845590.us-central1.run.app/games
2025-04-18 23:48:51,306 DEBUG Starting new HTTPS connection (1): gamesorter-28083845590.us-central1.run.app:443
2025-04-18 23:48:52,002 DEBUG https://gamesorter-28083845590.us-central1.run.app:443 "POST /games HTTP/1.1" 500 52
2025-04-18 23:48:52,002 ERROR Request failed: 500 Server Error: Internal Server Error for url: https://gamesorter-28083845590.us-central1.run.app/games
2025-04-18 23:48:52,002 WARNING Retrying server request (attempt 3/5) after 4.0 seconds
2025-04-18 23:48:56,004 DEBUG Sending POST request to https://gamesorter-28083845590.us-central1.run.app/games
2025-04-18 23:48:56,005 DEBUG Starting new HTTPS connection (1): gamesorter-28083845590.us-central1.run.app:443
2025-04-18 23:48:56,724 DEBUG https://gamesorter-28083845590.us-central1.run.app:443 "POST /games HTTP/1.1" 500 52
2025-04-18 23:48:56,724 ERROR Request failed: 500 Server Error: Internal Server Error for url: https://gamesorter-28083845590.us-central1.run.app/games
2025-04-18 23:48:56,724 WARNING Retrying server request (attempt 4/5) after 8.0 seconds
2025-04-18 23:49:04,726 DEBUG Sending POST request to https://gamesorter-28083845590.us-central1.run.app/games
2025-04-18 23:49:04,727 DEBUG Starting new HTTPS connection (1): gamesorter-28083845590.us-central1.run.app:443
2025-04-18 23:49:05,425 DEBUG https://gamesorter-28083845590.us-central1.run.app:443 "POST /games HTTP/1.1" 500 52
2025-04-18 23:49:05,425 ERROR Request failed: 500 Server Error: Internal Server Error for url: https://gamesorter-28083845590.us-central1.run.app/games
2025-04-18 23:49:05,425 ERROR [core] 크롤링 실패: RJ181353 → RetryError[<Future at 0x1fb9b2759d0 state=finished raised HTTPError>]
2025-04-18 23:49:05,425 INFO Fetching DLsite data for RJ374754
2025-04-18 23:49:05,426 DEBUG Starting new HTTPS connection (1): www.dlsite.com:443
2025-04-18 23:49:05,859 DEBUG https://www.dlsite.com:443 "GET /maniax/work/=/product_id/RJ374754.html HTTP/1.1" 200 None
2025-04-18 23:49:05,934 DEBUG Clean RJ code: 秘術相伝忍法勝負 -> 秘術相伝忍法勝負
2025-04-18 23:49:05,934 INFO Fetched DLsite data for RJ374754, title_jp=秘術相伝忍法勝負, tags_jp=['R18', 'ロールプレイング', '音楽あり', 'アプリケーション', '女主人公', 'ツクール', '学生', '屋外', '拘束', '羞恥/恥辱', '命令/無理矢理', '口内射精']
2025-04-18 23:49:05,936 DEBUG Sending POST request to https://gamesorter-28083845590.us-central1.run.app/games
2025-04-18 23:49:05,937 DEBUG Starting new HTTPS connection (1): gamesorter-28083845590.us-central1.run.app:443
2025-04-18 23:49:06,642 DEBUG https://gamesorter-28083845590.us-central1.run.app:443 "POST /games HTTP/1.1" 500 52
2025-04-18 23:49:06,642 ERROR Request failed: 500 Server Error: Internal Server Error for url: https://gamesorter-28083845590.us-central1.run.app/games
2025-04-18 23:49:06,642 WARNING Retrying server request (attempt 1/5) after 2.0 seconds
2025-04-18 23:49:08,645 DEBUG Sending POST request to https://gamesorter-28083845590.us-central1.run.app/games
2025-04-18 23:49:08,646 DEBUG Starting new HTTPS connection (1): gamesorter-28083845590.us-central1.run.app:443
2025-04-18 23:49:09,324 DEBUG https://gamesorter-28083845590.us-central1.run.app:443 "POST /games HTTP/1.1" 500 52
2025-04-18 23:49:09,324 ERROR Request failed: 500 Server Error: Internal Server Error for url: https://gamesorter-28083845590.us-central1.run.app/games
2025-04-18 23:49:09,324 WARNING Retrying server request (attempt 2/5) after 2.0 seconds
2025-04-18 23:49:11,326 DEBUG Sending POST request to https://gamesorter-28083845590.us-central1.run.app/games
2025-04-18 23:49:11,327 DEBUG Starting new HTTPS connection (1): gamesorter-28083845590.us-central1.run.app:443
2025-04-18 23:49:12,039 DEBUG https://gamesorter-28083845590.us-central1.run.app:443 "POST /games HTTP/1.1" 500 52
2025-04-18 23:49:12,039 ERROR Request failed: 500 Server Error: Internal Server Error for url: https://gamesorter-28083845590.us-central1.run.app/games
2025-04-18 23:49:12,039 WARNING Retrying server request (attempt 3/5) after 4.0 seconds
2025-04-18 23:49:16,041 DEBUG Sending POST request to https://gamesorter-28083845590.us-central1.run.app/games
2025-04-18 23:49:16,042 DEBUG Starting new HTTPS connection (1): gamesorter-28083845590.us-central1.run.app:443
2025-04-18 23:49:16,721 DEBUG https://gamesorter-28083845590.us-central1.run.app:443 "POST /games HTTP/1.1" 500 52
2025-04-18 23:49:16,721 ERROR Request failed: 500 Server Error: Internal Server Error for url: https://gamesorter-28083845590.us-central1.run.app/games
2025-04-18 23:49:16,721 WARNING Retrying server request (attempt 4/5) after 8.0 seconds
2025-04-18 23:49:24,723 DEBUG Sending POST request to https://gamesorter-28083845590.us-central1.run.app/games
2025-04-18 23:49:24,724 DEBUG Starting new HTTPS connection (1): gamesorter-28083845590.us-central1.run.app:443
2025-04-18 23:49:25,401 DEBUG https://gamesorter-28083845590.us-central1.run.app:443 "POST /games HTTP/1.1" 500 52
2025-04-18 23:49:25,401 ERROR Request failed: 500 Server Error: Internal Server Error for url: https://gamesorter-28083845590.us-central1.run.app/games
2025-04-18 23:49:25,401 ERROR [core] 크롤링 실패: RJ374754 → RetryError[<Future at 0x1fb9b4bc7d0 state=finished raised HTTPError>]
2025-04-18 23:49:25,402 INFO Fetching DLsite data for RJ01111140
2025-04-18 23:49:25,403 DEBUG Starting new HTTPS connection (1): www.dlsite.com:443
2025-04-18 23:49:26,066 DEBUG https://www.dlsite.com:443 "GET /maniax/work/=/product_id/RJ01111140.html HTTP/1.1" 200 None
2025-04-18 23:49:26,153 DEBUG Clean RJ code: 紅蓮飛翔ピュアフレイム -> 紅蓮飛翔ピュアフレイム
2025-04-18 23:49:26,153 INFO Fetched DLsite data for RJ01111140, title_jp=紅蓮飛翔ピュアフレイム, tags_jp=['R18', 'ロールプレイング', '音声あり', '音楽あり', '動画あり', 'アプリケーション', '断面図', '魔法少女', 'ラブラブ/あまあま', '純愛', '寝取られ', '妊娠/孕ませ', '屈辱']
2025-04-18 23:49:26,155 DEBUG Sending POST request to https://gamesorter-28083845590.us-central1.run.app/games
2025-04-18 23:49:26,156 DEBUG Starting new HTTPS connection (1): gamesorter-28083845590.us-central1.run.app:443
2025-04-18 23:49:26,832 DEBUG https://gamesorter-28083845590.us-central1.run.app:443 "POST /games HTTP/1.1" 500 52
2025-04-18 23:49:26,833 ERROR Request failed: 500 Server Error: Internal Server Error for url: https://gamesorter-28083845590.us-central1.run.app/games
2025-04-18 23:49:26,833 WARNING Retrying server request (attempt 1/5) after 2.0 seconds
2025-04-18 23:49:28,836 DEBUG Sending POST request to https://gamesorter-28083845590.us-central1.run.app/games
2025-04-18 23:49:28,837 DEBUG Starting new HTTPS connection (1): gamesorter-28083845590.us-central1.run.app:443
2025-04-18 23:49:29,509 DEBUG https://gamesorter-28083845590.us-central1.run.app:443 "POST /games HTTP/1.1" 500 52
2025-04-18 23:49:29,509 ERROR Request failed: 500 Server Error: Internal Server Error for url: https://gamesorter-28083845590.us-central1.run.app/games
2025-04-18 23:49:29,509 WARNING Retrying server request (attempt 2/5) after 2.0 seconds
2025-04-18 23:49:31,511 DEBUG Sending POST request to https://gamesorter-28083845590.us-central1.run.app/games
2025-04-18 23:49:31,512 DEBUG Starting new HTTPS connection (1): gamesorter-28083845590.us-central1.run.app:443
2025-04-18 23:49:32,201 DEBUG https://gamesorter-28083845590.us-central1.run.app:443 "POST /games HTTP/1.1" 500 52
2025-04-18 23:49:32,202 ERROR Request failed: 500 Server Error: Internal Server Error for url: https://gamesorter-28083845590.us-central1.run.app/games
2025-04-18 23:49:32,202 WARNING Retrying server request (attempt 3/5) after 4.0 seconds
2025-04-18 23:49:36,204 DEBUG Sending POST request to https://gamesorter-28083845590.us-central1.run.app/games
2025-04-18 23:49:36,205 DEBUG Starting new HTTPS connection (1): gamesorter-28083845590.us-central1.run.app:443
2025-04-18 23:49:36,875 DEBUG https://gamesorter-28083845590.us-central1.run.app:443 "POST /games HTTP/1.1" 500 52
2025-04-18 23:49:36,876 ERROR Request failed: 500 Server Error: Internal Server Error for url: https://gamesorter-28083845590.us-central1.run.app/games
2025-04-18 23:49:36,876 WARNING Retrying server request (attempt 4/5) after 8.0 seconds
2025-04-18 23:49:44,878 DEBUG Sending POST request to https://gamesorter-28083845590.us-central1.run.app/games
2025-04-18 23:49:44,879 DEBUG Starting new HTTPS connection (1): gamesorter-28083845590.us-central1.run.app:443
2025-04-18 23:49:45,553 DEBUG https://gamesorter-28083845590.us-central1.run.app:443 "POST /games HTTP/1.1" 500 52
2025-04-18 23:49:45,553 ERROR Request failed: 500 Server Error: Internal Server Error for url: https://gamesorter-28083845590.us-central1.run.app/games
2025-04-18 23:49:45,553 ERROR [core] 크롤링 실패: RJ01111140 → RetryError[<Future at 0x1fb9b6e7a90 state=finished raised HTTPError>]
2025-04-18 23:49:45,554 INFO Fetching DLsite data for RJ291293
2025-04-18 23:49:45,555 DEBUG Starting new HTTPS connection (1): www.dlsite.com:443
2025-04-18 23:49:46,387 DEBUG https://www.dlsite.com:443 "GET /maniax/work/=/product_id/RJ291293.html HTTP/1.1" 200 None
2025-04-18 23:49:46,500 DEBUG Clean RJ code: オバサンズ・サガ -> オバサンズ・サガ
2025-04-18 23:49:46,500 INFO Fetched DLsite data for RJ291293, title_jp=オバサンズ・サガ, tags_jp=['R18', 'ロールプレイング', '音楽あり', 'アプリケーション', '母親', '熟女', '人妻', 'ビッチ', 'ファンタジー', '筋肉', 'ムチムチ', '太め/デブ']
2025-04-18 23:49:46,502 DEBUG Sending POST request to https://gamesorter-28083845590.us-central1.run.app/games
2025-04-18 23:49:46,503 DEBUG Starting new HTTPS connection (1): gamesorter-28083845590.us-central1.run.app:443
2025-04-18 23:49:47,202 DEBUG https://gamesorter-28083845590.us-central1.run.app:443 "POST /games HTTP/1.1" 500 52
2025-04-18 23:49:47,203 ERROR Request failed: 500 Server Error: Internal Server Error for url: https://gamesorter-28083845590.us-central1.run.app/games
2025-04-18 23:49:47,203 WARNING Retrying server request (attempt 1/5) after 2.0 seconds
2025-04-18 23:49:49,204 DEBUG Sending POST request to https://gamesorter-28083845590.us-central1.run.app/games
2025-04-18 23:49:49,205 DEBUG Starting new HTTPS connection (1): gamesorter-28083845590.us-central1.run.app:443
2025-04-18 23:49:49,894 DEBUG https://gamesorter-28083845590.us-central1.run.app:443 "POST /games HTTP/1.1" 500 52
2025-04-18 23:49:49,895 ERROR Request failed: 500 Server Error: Internal Server Error for url: https://gamesorter-28083845590.us-central1.run.app/games
2025-04-18 23:49:49,895 WARNING Retrying server request (attempt 2/5) after 2.0 seconds
2025-04-18 23:49:51,897 DEBUG Sending POST request to https://gamesorter-28083845590.us-central1.run.app/games
2025-04-18 23:49:51,898 DEBUG Starting new HTTPS connection (1): gamesorter-28083845590.us-central1.run.app:443
2025-04-18 23:49:52,586 DEBUG https://gamesorter-28083845590.us-central1.run.app:443 "POST /games HTTP/1.1" 500 52
2025-04-18 23:49:52,587 ERROR Request failed: 500 Server Error: Internal Server Error for url: https://gamesorter-28083845590.us-central1.run.app/games
2025-04-18 23:49:52,587 WARNING Retrying server request (attempt 3/5) after 4.0 seconds
2025-04-18 23:49:56,589 DEBUG Sending POST request to https://gamesorter-28083845590.us-central1.run.app/games
2025-04-18 23:49:56,590 DEBUG Starting new HTTPS connection (1): gamesorter-28083845590.us-central1.run.app:443
2025-04-18 23:49:57,282 DEBUG https://gamesorter-28083845590.us-central1.run.app:443 "POST /games HTTP/1.1" 500 52
2025-04-18 23:49:57,282 ERROR Request failed: 500 Server Error: Internal Server Error for url: https://gamesorter-28083845590.us-central1.run.app/games
2025-04-18 23:49:57,282 WARNING Retrying server request (attempt 4/5) after 8.0 seconds
2025-04-18 23:50:05,284 DEBUG Sending POST request to https://gamesorter-28083845590.us-central1.run.app/games
2025-04-18 23:50:05,285 DEBUG Starting new HTTPS connection (1): gamesorter-28083845590.us-central1.run.app:443
2025-04-18 23:50:05,950 DEBUG https://gamesorter-28083845590.us-central1.run.app:443 "POST /games HTTP/1.1" 500 52
2025-04-18 23:50:05,950 ERROR Request failed: 500 Server Error: Internal Server Error for url: https://gamesorter-28083845590.us-central1.run.app/games
2025-04-18 23:50:05,950 ERROR [core] 크롤링 실패: RJ291293 → RetryError[<Future at 0x1fb9b97fe10 state=finished raised HTTPError>]
2025-04-18 23:50:05,951 INFO Fetching DLsite data for RJ372618
2025-04-18 23:50:05,952 DEBUG Starting new HTTPS connection (1): www.dlsite.com:443
2025-04-18 23:50:06,600 DEBUG https://www.dlsite.com:443 "GET /maniax/work/=/product_id/RJ372618.html HTTP/1.1" 200 None
2025-04-18 23:50:06,682 DEBUG Clean RJ code: NTR冒険者 リーネ&エルザ -> NTR冒険者 リーネ&エルザ
2025-04-18 23:50:06,682 INFO Fetched DLsite data for RJ372618, title_jp=NTR冒険者 リーネ&エルザ, tags_jp=['R18', 'ロールプレイング', '音楽あり', 'アプリケーション', '男主人公', 'ツクール', '寝取られ', 'アヘ顔', '妊娠/孕ませ', '巨乳/爆乳', 'ぼて腹/妊婦']
2025-04-18 23:50:06,683 DEBUG Local crawl success for RJ372618: NTR冒険者 リーネ&エルザ
2025-04-18 23:50:06,683 DEBUG Sending POST request to https://gamesorter-28083845590.us-central1.run.app/games
2025-04-18 23:50:06,685 DEBUG Starting new HTTPS connection (1): gamesorter-28083845590.us-central1.run.app:443
2025-04-18 23:50:07,385 DEBUG https://gamesorter-28083845590.us-central1.run.app:443 "POST /games HTTP/1.1" 500 52
2025-04-18 23:50:07,386 ERROR Request failed: 500 Server Error: Internal Server Error for url: https://gamesorter-28083845590.us-central1.run.app/games
2025-04-18 23:50:07,386 WARNING Retrying server request (attempt 1/5) after 2.0 seconds
2025-04-18 23:50:09,388 DEBUG Sending POST request to https://gamesorter-28083845590.us-central1.run.app/games
2025-04-18 23:50:09,389 DEBUG Starting new HTTPS connection (1): gamesorter-28083845590.us-central1.run.app:443
2025-04-18 23:50:10,061 DEBUG https://gamesorter-28083845590.us-central1.run.app:443 "POST /games HTTP/1.1" 500 52
2025-04-18 23:50:10,062 ERROR Request failed: 500 Server Error: Internal Server Error for url: https://gamesorter-28083845590.us-central1.run.app/games
2025-04-18 23:50:10,062 WARNING Retrying server request (attempt 2/5) after 2.0 seconds
2025-04-18 23:50:12,064 DEBUG Sending POST request to https://gamesorter-28083845590.us-central1.run.app/games
2025-04-18 23:50:12,065 DEBUG Starting new HTTPS connection (1): gamesorter-28083845590.us-central1.run.app:443
2025-04-18 23:50:12,759 DEBUG https://gamesorter-28083845590.us-central1.run.app:443 "POST /games HTTP/1.1" 500 52
2025-04-18 23:50:12,759 ERROR Request failed: 500 Server Error: Internal Server Error for url: https://gamesorter-28083845590.us-central1.run.app/games
2025-04-18 23:50:12,759 WARNING Retrying server request (attempt 3/5) after 4.0 seconds
2025-04-18 23:50:16,761 DEBUG Sending POST request to https://gamesorter-28083845590.us-central1.run.app/games
2025-04-18 23:50:16,762 DEBUG Starting new HTTPS connection (1): gamesorter-28083845590.us-central1.run.app:443
2025-04-18 23:50:17,438 DEBUG https://gamesorter-28083845590.us-central1.run.app:443 "POST /games HTTP/1.1" 500 52
2025-04-18 23:50:17,438 ERROR Request failed: 500 Server Error: Internal Server Error for url: https://gamesorter-28083845590.us-central1.run.app/games
2025-04-18 23:50:17,438 WARNING Retrying server request (attempt 4/5) after 8.0 seconds
2025-04-18 23:50:25,439 DEBUG Sending POST request to https://gamesorter-28083845590.us-central1.run.app/games
2025-04-18 23:50:25,441 DEBUG Starting new HTTPS connection (1): gamesorter-28083845590.us-central1.run.app:443
2025-04-18 23:50:26,145 DEBUG https://gamesorter-28083845590.us-central1.run.app:443 "POST /games HTTP/1.1" 500 52
2025-04-18 23:50:26,145 ERROR Request failed: 500 Server Error: Internal Server Error for url: https://gamesorter-28083845590.us-central1.run.app/games
2025-04-18 23:50:26,145 ERROR Local crawl failed for RJ372618: RetryError[<Future at 0x1fb9b98e050 state=finished raised HTTPError>]
2025-04-18 23:50:26,145 DEBUG Sending POST request to https://gamesorter-28083845590.us-central1.run.app/games
2025-04-18 23:50:26,146 DEBUG Starting new HTTPS connection (1): gamesorter-28083845590.us-central1.run.app:443
2025-04-18 23:50:26,840 DEBUG https://gamesorter-28083845590.us-central1.run.app:443 "POST /games HTTP/1.1" 500 52
2025-04-18 23:50:26,840 ERROR Request failed: 500 Server Error: Internal Server Error for url: https://gamesorter-28083845590.us-central1.run.app/games
2025-04-18 23:50:26,840 WARNING Retrying server request (attempt 1/5) after 2.0 seconds
2025-04-18 23:50:28,842 DEBUG Sending POST request to https://gamesorter-28083845590.us-central1.run.app/games
2025-04-18 23:50:28,843 DEBUG Starting new HTTPS connection (1): gamesorter-28083845590.us-central1.run.app:443
2025-04-18 23:50:29,548 DEBUG https://gamesorter-28083845590.us-central1.run.app:443 "POST /games HTTP/1.1" 500 52
2025-04-18 23:50:29,548 ERROR Request failed: 500 Server Error: Internal Server Error for url: https://gamesorter-28083845590.us-central1.run.app/games
2025-04-18 23:50:29,548 WARNING Retrying server request (attempt 2/5) after 2.0 seconds
2025-04-18 23:50:31,550 DEBUG Sending POST request to https://gamesorter-28083845590.us-central1.run.app/games
2025-04-18 23:50:31,551 DEBUG Starting new HTTPS connection (1): gamesorter-28083845590.us-central1.run.app:443
2025-04-18 23:50:32,225 DEBUG https://gamesorter-28083845590.us-central1.run.app:443 "POST /games HTTP/1.1" 500 52
2025-04-18 23:50:32,225 ERROR Request failed: 500 Server Error: Internal Server Error for url: https://gamesorter-28083845590.us-central1.run.app/games
2025-04-18 23:50:32,225 WARNING Retrying server request (attempt 3/5) after 4.0 seconds
2025-04-18 23:50:36,227 DEBUG Sending POST request to https://gamesorter-28083845590.us-central1.run.app/games
2025-04-18 23:50:36,228 DEBUG Starting new HTTPS connection (1): gamesorter-28083845590.us-central1.run.app:443
2025-04-18 23:50:36,918 DEBUG https://gamesorter-28083845590.us-central1.run.app:443 "POST /games HTTP/1.1" 500 52
2025-04-18 23:50:36,919 ERROR Request failed: 500 Server Error: Internal Server Error for url: https://gamesorter-28083845590.us-central1.run.app/games
2025-04-18 23:50:36,919 WARNING Retrying server request (attempt 4/5) after 8.0 seconds
2025-04-18 23:50:44,921 DEBUG Sending POST request to https://gamesorter-28083845590.us-central1.run.app/games
2025-04-18 23:50:44,922 DEBUG Starting new HTTPS connection (1): gamesorter-28083845590.us-central1.run.app:443
2025-04-18 23:50:45,620 DEBUG https://gamesorter-28083845590.us-central1.run.app:443 "POST /games HTTP/1.1" 500 52
2025-04-18 23:50:45,620 ERROR Request failed: 500 Server Error: Internal Server Error for url: https://gamesorter-28083845590.us-central1.run.app/games
2025-04-18 23:50:45,620 ERROR FetchWorker error: RetryError[<Future at 0x1fb9adee910 state=finished raised HTTPError>]
Traceback (most recent call last):
  File "C:\Users\nothn\AppData\Local\Programs\Python\Python311\Lib\site-packages\tenacity\__init__.py", line 480, in __call__
    result = fn(*args, **kwargs)
             ^^^^^^^^^^^^^^^^^^^
  File "E:\Projects\game-sort\core.py", line 165, in make_request
    response.raise_for_status()
  File "C:\Users\nothn\AppData\Local\Programs\Python\Python311\Lib\site-packages\requests\models.py", line 1021, in raise_for_status
    raise HTTPError(http_error_msg, response=self)
requests.exceptions.HTTPError: 500 Server Error: Internal Server Error for url: https://gamesorter-28083845590.us-central1.run.app/games

The above exception was the direct cause of the following exception:

Traceback (most recent call last):
  File "E:\Projects\game-sort\core.py", line 264, in run
    self.make_request(
  File "C:\Users\nothn\AppData\Local\Programs\Python\Python311\Lib\site-packages\tenacity\__init__.py", line 338, in wrapped_f
    return copy(f, *args, **kw)
           ^^^^^^^^^^^^^^^^^^^^
  File "C:\Users\nothn\AppData\Local\Programs\Python\Python311\Lib\site-packages\tenacity\__init__.py", line 477, in __call__
    do = self.iter(retry_state=retry_state)
         ^^^^^^^^^^^^^^^^^^^^^^^^^^^^^^^^^^
  File "C:\Users\nothn\AppData\Local\Programs\Python\Python311\Lib\site-packages\tenacity\__init__.py", line 378, in iter
    result = action(retry_state)
             ^^^^^^^^^^^^^^^^^^^
  File "C:\Users\nothn\AppData\Local\Programs\Python\Python311\Lib\site-packages\tenacity\__init__.py", line 421, in exc_check
    raise retry_exc from fut.exception()
tenacity.RetryError: RetryError[<Future at 0x1fb9b98e050 state=finished raised HTTPError>]

During handling of the above exception, another exception occurred:

Traceback (most recent call last):
  File "C:\Users\nothn\AppData\Local\Programs\Python\Python311\Lib\site-packages\tenacity\__init__.py", line 480, in __call__
    result = fn(*args, **kwargs)
             ^^^^^^^^^^^^^^^^^^^
  File "E:\Projects\game-sort\core.py", line 165, in make_request
    response.raise_for_status()
  File "C:\Users\nothn\AppData\Local\Programs\Python\Python311\Lib\site-packages\requests\models.py", line 1021, in raise_for_status
    raise HTTPError(http_error_msg, response=self)
requests.exceptions.HTTPError: 500 Server Error: Internal Server Error for url: https://gamesorter-28083845590.us-central1.run.app/games

The above exception was the direct cause of the following exception:

Traceback (most recent call last):
  File "E:\Projects\game-sort\core.py", line 290, in run
    self.make_request(
  File "C:\Users\nothn\AppData\Local\Programs\Python\Python311\Lib\site-packages\tenacity\__init__.py", line 338, in wrapped_f
    return copy(f, *args, **kw)
           ^^^^^^^^^^^^^^^^^^^^
  File "C:\Users\nothn\AppData\Local\Programs\Python\Python311\Lib\site-packages\tenacity\__init__.py", line 477, in __call__
    do = self.iter(retry_state=retry_state)
         ^^^^^^^^^^^^^^^^^^^^^^^^^^^^^^^^^^
  File "C:\Users\nothn\AppData\Local\Programs\Python\Python311\Lib\site-packages\tenacity\__init__.py", line 378, in iter
    result = action(retry_state)
             ^^^^^^^^^^^^^^^^^^^
  File "C:\Users\nothn\AppData\Local\Programs\Python\Python311\Lib\site-packages\tenacity\__init__.py", line 421, in exc_check
    raise retry_exc from fut.exception()
tenacity.RetryError: RetryError[<Future at 0x1fb9adee910 state=finished raised HTTPError>]
